[    0.000000] Linux version 4.15.0-47-generic (buildd@lgw01-amd64-001) (gcc version 7.3.0 (Ubuntu 7.3.0-16ubuntu3)) #50-Ubuntu SMP Wed Mar 13 10:44:52 UTC 2019 (Ubuntu 4.15.0-47.50-generic 4.15.18)
[    0.000000] Command line: BOOT_IMAGE=/boot/vmlinuz-4.15.0-47-generic root=UUID=1806cc24-2f59-4e29-97bf-ce6a7bfdf2d7 ro console=tty1 console=ttyS0
[    0.000000] KERNEL supported cpus:
[    0.000000]   Intel GenuineIntel
[    0.000000]   AMD AuthenticAMD
[    0.000000]   Centaur CentaurHauls
[    0.000000] x86/fpu: Supporting XSAVE feature 0x001: 'x87 floating point registers'
[    0.000000] x86/fpu: Supporting XSAVE feature 0x002: 'SSE registers'
[    0.000000] x86/fpu: Supporting XSAVE feature 0x004: 'AVX registers'
[    0.000000] x86/fpu: xstate_offset[2]:  576, xstate_sizes[2]:  256
[    0.000000] x86/fpu: Enabled xstate features 0x7, context size is 832 bytes, using 'standard' format.
[    0.000000] e820: BIOS-provided physical RAM map:
[    0.000000] BIOS-e820: [mem 0x0000000000000000-0x000000000009fbff] usable
[    0.000000] BIOS-e820: [mem 0x000000000009fc00-0x000000000009ffff] reserved
[    0.000000] BIOS-e820: [mem 0x00000000000f0000-0x00000000000fffff] reserved
[    0.000000] BIOS-e820: [mem 0x0000000000100000-0x000000003ffeffff] usable
[    0.000000] BIOS-e820: [mem 0x000000003fff0000-0x000000003fffffff] ACPI data
[    0.000000] BIOS-e820: [mem 0x00000000fec00000-0x00000000fec00fff] reserved
[    0.000000] BIOS-e820: [mm 0x00000000fee00000-0x00000000fee00fff] reserved
[    0.000000] BIOS-e820: [mem 0x00000000fffc0000-0x00000000ffffffff] reserved
[    0.000000] NX (Execute Disable) protection: active
[    0.000000] SMBIOS 2.5 present.
[    0.000000] DMI: innotek GmbH VirtualBox/VirtualBox, BIOS VirtualBox 12/01/2006
[    0.000000] Hypervisor detected: KVM
[    0.000000] e820: last_pfn = 0x3fff0 max_arch_pfn = 0x400000000
[    0.000000] MTRR: Disabled
[    0.000000] x86/PAT: MTRRs disabled, skipping PAT initialization too.
[    0.000000] CPU MTRRs all blank - virtualized system.
[    0.000000] x86/PAT: Configuration [0-7]: WB  WT  UC- UC  WB  WT  UC- UC  
[    0.000000] founSM MP-table at [mem 0x0009fff0-0x0009ffff] mapped at [        (ptrval)]
[    0.000000] Scanning 1 areas for low memory corruption
[    0.000000] RAMDISK: [mem 0x359d3000-0x36ce0fff]
[    0.000000] ACPI: Early table checksum verification disabled
[    0.000000] ACPI: RSDP 0x00000000000E0000 000024 (v02 VBOX  )
[    0.000000] ACPI: XSDT 0x000000003FFF0030 00003C (v01 VBOX   VBOXXSDT 00000001 ASL  00000061)
[    0.000000] ACPI: FACP 0x000000003FFF00F0 0000F4 (v04 VBOX   VBOXFACP 00000001 ASL  00000061)
[    0.000000] ACPI: DSDT 0x000000003FFF0470 0021FF (v02 VBOX   VBOXBIOS 00000002 INTL 20180105)
[    0.000000] ACPI: FACS 0x000000003FFF0200 000040
[    0.000000] ACPI: FACS 0x000000003FFF0200 000040
[    0.000000] ACPI: APIC 0x000000003FFF0240 00005C (v02 VBOX   VBOXAPIC 00000001 ASL  00000061)
[    0.000000] ACPI: SSDT 0x000000003FFF02A0 0001CC (v01 VBOX   VBOXCPUT 00000002 INTL 20180105)
[    0.000000] No NUMA configuration found
[    0.000000] Faking a node at [mem 0x0000000000000000-0x000000003ffeffff]
[    0.000000] NODE_DATA(0) allocated [mem 0x3ffc5000-0x3ffeffff]
[    0.000000] kvm-clock: cpu 0, msr 0:3ff44001, primary cpu clock
[    0.000000] kvm-clock: Using msrs 4b564d01 and 4b564d00
[    0.000000] kvm-clock: using sched offset of 3521907722 cycles
[    0.000000] clocksource: kvm-clock: mask: 0xffffffffffffffff max_cycles: 0x1cd42e4dffb, max_idle_ns: 881590591483 ns
[    0.000000] Zone ranges:
[    0.000000]   DMA      [mem 0x0000000000001000-0x0000000000ffffff]
[    0.000000]   DMA32    [mem 0x0000000001000000-0x000000003ffeffff]
[    0.000000]   Normal   empty
[    0.000000]   Device   empty
[    0.000000] Movable zone start for each node
[    0.000000] Early memory node ranges
[    0.000000]   node   0: [mem 0x0000000000001000-0x000000000009efff]
[    0.000000]   node   0: [mem 0x0000000000100000-0x000000003ffeffff]
[    0.000000] Reserved but unavailable: 114 pages
[    0.000000] Initmem setup node 0 [mem 0x0000000000001000-0x000000003ffeffff]
[    0.000000] ACPI: PM-Timer IO Port: 0x4008
[    0.000000] IOAPIC[0]: apic_id 2, version 32, address 0xfec00000, GSI 0-23
[    0.000000] ACPI: INT_SRC_OVR (bus 0 bus_irq 0 global_irq 2 dfl dfl)
[    0.000000] ACPI: I_SRC_OVR (bus 0 bus_irq 9 global_irq 9 low level)
[    0.000000] Using ACPI (MADT) for SMP configuration information
[    0.000000] smpboot: Allowing 2 CPUs, 0 hotplug CPUs
[    0.000000] PM: Registered nosave memory: [mem 0x00000000-0x00000fff]
[    0.000000] PM: Registered nosave memory: [mem 0x0009f000-0x0009ffff]
[    0.000000] PM: Registered nosave memory: [mem 0x000a0000-0x000effff]
[    0.000000] PM: Registered nosave memory: [mem 0x000f0000-0x000fffff]
[    0.000000] e820: [mem 0x40000000-0xfebfffff] available for PCI devices
[    0.000000] Booting paravirtualized kernel on KVM
[    0.000000] clocksource: refined-jiffies: mask: 0xffffffff max_cycles: 0xffffffff, max_idle_ns: 7645519600211568 ns
[    0.000000] random: get_random_bytes called from start_kernel+0x99/0x4fd with crng_init=0
[    0.000000] setup_percpu: NR_CPUS:8192 nr_cpumask_bits:2 nr_cpu_ids:2 nr_node_ids:1
[    0.000000] percpu: Embedded 46 pages/cpu @        (ptrval) s151552 r8192 d28672 u1048576
[    0.000000] PV qspinlock hash table entries: 256 (order: 0, 4096 bytes)
[    0.000000] Built 1 zonelists, mobility grouping on.  Total pages: 257913
[    0.000000] Policy zone: DMA32
[    0.000000] Kernel command line: BOOT_IMAGE=/boot/vmlinuz-4.15.0-47-generic root=UUID=1806cc24-2f59-4e29-97bf-ce6a7bfdf2d7 ro console=tty1 console=ttyS0
[    0.000000] Memory: 983072K/1048120K available (12300K kernel code, 2473K rwdata, 4252K rodata, 2408K init, 2416K bss, 65048K reserved, 0K cma-reserved)
[    0.000000] SLUB: HWalign=64, Order=0-3, MinObjects=0, CPUs=2, Nodes=1
[    0.000000] Kernel/User page tables isolation: enabled
[    0.000000] ftrace: allocating 39206 entries in 154 pages
[    0.004000] Hierarchical RCU implementation.
[    0.004000] 	RCU restricting CPUs from NR_CPUS=8192 to nr_cpu_is=2.
[    0.004000] 	Tasks RCU enabled.
[    0.004000] RCU: Adjusting geometry for rcu_fanout_leaf=16, nr_cpu_ids=2
[    0.004000] NR_IRQS: 524544, nr_irqs: 440, preallocated irqs: 16
[    0.004000] Console: colour VGA+ 80x25
[    0.004000] console [tty1] enabled
[    0.004000] console [ttyS0] enabled
[    0.004000] ACPI: Core revision 20170831
[    0.004000] ACPI: 2 ACPI AML tables successfully acquired and loaded
[    0.004000] APIC: Switch to symmetric I/O mode setup
[    0.004000] x2apic enabled
[    0.004000] Switched APIC routing to physical x2apic.
[    0.004000] ..TIMER: vector=0x30 apic1=0 pin1=2 apic2=-1 pin2=-1
[    0.004000] tsc: Detected 1991.999 MHz processor
[    0.004000] Calibrating delay loop (skipped) preset value.. 3983.99 BogoMIPS (lpj=7967996)
[    0.004003] pid_max: default: 32768 minimum: 301
[    0.004570] Security Framework initialized
[    0.005157] Yama: becoming mindful.
[    0.005761] AppArmor: AppArmor initialized
[    0.006844] Dentry cache hash table entries: 131072 (order: 8, 1048576 bytes)
[    0.008057] Inode-cache hash table entries: 65536 (order: 7, 524288 bytes)
[    0.012031] Mount-cache hash table entries: 2048 (order: 2, 16384 bytes)
[    0.013026] Mountpoint-cache hash table entries: 2048 (order: 2, 16384 bytes)
[    0.014319] mce: CPU supports 0 MCE banks
[    0.014951] Last level iTLB entries: 4KB 64, 2MB 8, 4MB 8
[    0.016005] Last level dTLB entries: 4KB 64, 2MB 0, 4MB 0, 1GB 4
[    0.016881] Spectre V2 : Mitigation: Full generic retpoline
[    0.017699] Spectre V2 : Spectre v2 / SpectreRSB mitigation: Filling RSB on context switch
[    0.018821] Speculative Store Bypass: Vulnerable
[    0.019557] Freeing SMP alternatives memory: 36K
[    0.024000] smpboot: CPU0: Intel(R) Core(TM) i7-8550U CPU @ 1.80GHz (family: 0x6, model: 0x8e, stepping: 0xa)
[    0.024115] Performance Events: unsupported p6 CPU model 142 no PMU driver, software events only.
[    0.028060] Hierarchical SRCU implementation.
[    0.032590] NMI watchdog: Perf event create on CPU 0 failed with -2
[    0.036006] NMI watchdog: Perf NMI watchdog permanently disabled
[    0.040071] smp: Bringing up secondary CPUs ...
[    0.041670] x86: Booting SMP configuration:
[    0.043158] .... node  #0, CPUs:      #1
[    0.004000] kvm-clock: cpu 1, msr 0:3ff44041, secondary cpu clock
[    0.004000] mce: CPU supports 0 MCE banks
[    0.048022] smp: Brought up 1 node, 2 CPUs
[    0.048535] smpboot: Max logical packages: 1
[    0.049048] smpboot: Total of 2 processors activated (7967.99 BogoMIPS)
[    0.050003] devtmpfs: initialized
[    0.050003] x86/mm: Memory block size: 128MB
[    0.052176] evm: security.selinux
[    0.052764] evm: security.SMACK64
[    0.056009] evm: security.SMACK64EXEC
[    0.060008] evm: security.SMACK64TRANSMUTE
[    0.060552] evm: security.SMACK64MMAP
[    0.061045] evm: security.apparmor
[    0.064002] evm: security.ima
[    0.064423] evm: security.capability
[    0.064972] clocksource: jiffies: mask: 0xffffffff max_cycles: 0xffffffff, max_idle_ns: 7645041785100000 ns
[    0.065196] futex hash table entries: 512 (order: 3, 32768 bytes)
[    0.066026] pinctrl core: initialized pinctrl subsystem
[    0.068477] RTC time:  3:52:32, date: 04/17/19
[    0.069266] NET: Registered protocol family 16
[    0.069877] audit: initializing netlink subsys (disabled)
[    0.070545] audit: type=2000 audit(1555473155.633:1): state=initialized audit_enabled=0 res=1
[    0.070545] cpuidle: using governor ladder
[    0.072006] cpuidle: using governor menu
[    0.072496] ACPI: bus type PCI registered
[    0.073017] acpiphp: ACPI Hot Plug PCI Controller Driver version: 0.5
[    0.073969] PCI: Using configuration type 1 for base access
[    0.076262] HugeTLB registered 2.00 MiB page size, pre-allocated 0 pages
[    0.076967] ACPI: Added _OSI(Module Device)
[    0.076967] ACPI: Added _OSI(Processor Device)
[    0.077398] ACPI: Added _OSI(3.0 _SCP Extensions)
[    0.078103] ACPI: Added _OSI(Processor Aggregator Device)
[    0.080008] ACPI: Added _OSI(Linux-Dell-Video)
[    0.080651] ACPI: Added _OSI(Linux-Lenovo-NV-HDMI-Audio)
[    0.081409] ACPI: Added _OSI(Linux-HPI-Hybrid-Graphics)
[    0.082386] ACPI: Executed 1 blocks of module-level executable AML code
[    0.086525] ACPI: Interpreter enabled
[    0.087107] ACPI: (supports S0 S5)
[    0.087608] ACPI: Using IOAPIC for interrupt routing
[    0.088188] PCI: Using host bridge windows from ACPI; if necessary, use "pci=nocrs" and report a bug
[    0.089549] ACPI: Enabled 2 GPEs in block 00 to 07
[    0.095366] ACPI: PCI Root Bridge [PCI0] (domain 0000 [bus 00-ff])
[    0.096011] acpi PNP0A03:00: _OSC: OS supports [ASPM ClockPM Segments MSI]
[    0.097001] acpi PNP0A03:00: _OSC: not requesting OS control; OS requires [ExtendedConfig ASPM ClockPM MSI]
[    0.098356] acpi PNP0A03:00: fail to add MMCONFIG information, can't access extended PCI configuration space under this bridge.
[    0.100295] PCI host bridge to bus 0000:00
[    0.100906] pci_bus 0000:00: root bus resource [io  0x0000-0x0cf7 window]
[    0.101855] pci_bus 0000:00: root bus resource [io  0x0d00-0xffff window]
[    0.102796] pci_bus 0000:00: root bus resource [mem 0x000a0000-0x000bffff window]
[    0.103843] pci_bus 0000:00: root bus resource [mem 0x40000000-0xfdffffff window]
[    0.104004] pci_bus 0000:00: root bus resource [bus 00-ff]
[    0.109348] pci 0000:00:01.1: legacy IDE quirk: reg 0x10: [io  0x01f0-0x01f7]
[    0.110180] pci 0000:00:01.1: legacy IDE quirk: reg 0x14: [io  0x03f6]
[    0.112013] pci 0000:00:01.1: legacy IDE quirk: reg 0x18: [io  0x0170-0x0177]
[    0.112904] pci 0000:00:01.1: legacy IDE quirk: reg 0x1c: [io  0x0376]
[    0.131047] pci 0000:00:07.0: quirk: [io  0x4000-0x403f] claimed by PIIX4 ACPI
[    0.132024] pci 0000:00:07.0: quirk: [io  0x4100-0x410f] claimed by PIIX4 SMB
[    0.140954] ACPI: PCI Interrupt Link [LNKA] (IRQs 5 9 10 *11)
[    0.144307] ACPI: PCI Interrupt Link [LNKB] (IRQs 5 9 *10 11)
[    0.148164] ACPI: PCI Interrupt Link [LNKC] (IRQs 5 *9 10 11)
[    0.152120] ACPI: PCI Interrupt Link [LNKD] (IRQs 5 9 10 *11)
[    0.154281] SCSI subsystem initialized
[    0.155833] pci 0000:00:02.0: vgaarb: setting as boot VGA device
[    0.155833] pci 0000:00:02.0: vgaarb: VGA device added: decodes=io+mem,owns=io+mem,locks=none
[    0.156013] pci 0000:00:02.0: vgaarb: bridge control possible
[    0.156749] vgaarb: loaded
[    0.160061] ACPI: bus type USB registered
[    0.160641] usbcore: registered new interface driver usbfs
[    0.161342] usbcore: registered new interface driver hub
[    0.162053] usbcore: registered new device driver usb
[    0.162761] EDAC MC: Ver: 3.0.0
[    0.162761] PCI: Using ACPI for IRQ routing
[    0.164224] NetLabel: Initializing
[    0.164696] NetLabel:  domain hash size = 128
[    0.165264] NetLabel:  protocols = UNLABELED CIPSOv4 CALIPSO
[    0.165994] NetLabel:  unlabeled traffic allowed by default
[    0.166735] clocksource: Switched to clocksource kvm-clock
[    0.174143] VFS: Disk quotas dquot_6.6.0
[    0.197643] VFS: Dquot-cache hash table entries: 512 (order 0, 4096 bytes)
[    0.199591] AppArmor: AppArmor Filesystem Enabled
[    0.201152] pnp: PnP ACPI init
[    0.202812] pnp: PnP ACPI: found 3 devices
[  0365]losource: acpi_pm: mask: 0xffffff max_cycles: 0xffffff, max_idle_ns: 2085701024 ns
[    0.549826] NET: Registered protocol family 2

[    0.551091] TCP established hash table entries: 8192 (order: 4, 65536 bytes)
[    0.552105] TCP bind hash table entries: 8192 (order: 5, 131072 bytes)
[    0.553133] TCP: Hash tables configured (established 8192 bind 8192)
[    0.554207] UDP hash table entries: 512 (order: 2, 16384 bytes)
[    0.555132] UDP-Lite hash table entries: 512 (de 2164 bytes)
[    0.730249] NET: Registered protocol family 1
[    0.730806] pci 0000:00:00.0: Limiting direct PCI/PCI transfers
[    0.731563] pci 0000:00:01.0: Activating ISA DMA hang workarounds
[    0.732334] pci 0000:00:02.0: Video device with shadowed ROM at [mem 0x000c0000-0x000dffff]
[    0.733353] Unpacking initramfs...

[    0.980137] Freeing initrd memory: 19512K
[    1.114575] platform rtc_cmos: registered platform RTC device (no PNP device found)
[    1.128388] Scanning for low memory corruption every 60 seconds
[    1.129781] Initialise system trusted keyrings
[    1.130394] Key type blacklist registered
[    1.307844] workingset: timestamp_bits=36 max_order=18 bucket_order=0
[    1.309477] zbud: loaded
[    1.310449] squashfs: version 4.0 (2009/01/31) Phillip Lougher
[    1.311453] fuse init (API version 7.26)
[    1.314609] Key type asymmetric registered
[    1.557749] Asymmetric key parser 'x509' registered
[    1.558546] Block layer SCSI generic (bsg) driver version 0.4 loaded (major 246)
[    1.559737] io scheduler noop registered
[    1.560333] io scheduler deadline registered
[    1.560989] io scheduler cfq registered (default)
[    1.562001] ACPI: AC Adapter [AC] (on-line)
[    1.562671] input: Power Button as /devices/LNXSYSTM:00/LNXPWRBN:00/input/input0
[    1.563747] ACPI: Power Button [PWRF]
[    1.564378] input: Sleep Button as /devices/LNXSYSTM:00/LNXSLPBN:00/input/input1
[    1.565459] ACPI: Sleep Button [SLPF]
[    1.566368] Serial: 8250/16550 driver, 32 ports, IRQ sharing enabled
[    1.567036] ACPI: Battery Slot [BAT0] (battery present)
[    1.592032] 00:02: ttyS0 at I/O 0x3f8 (irq = 4, base_baud = 115200) is a 16550A
[    1.595738] Linux agpgart interface v0.103
[    1.597549] loop: module loaded
[    1.598713] scsi host0: ata_piix
[    1.599492] scsi host1: ata_piix
[    1.600082] ata1: PATA max UDMA/33 cmd 0x1f0 ctl 0x3f6 bmdma 0xd000 irq 14
[    1.601180] ata2: PATA max UDMA/33 cmd 0x170 ctl 0x376 bmdma 0xd008 irq 15
[    1.602338] libphy: Fixed MDIO Bus: probed
[    1.606263] tun: Universal TUN/TAP device driver, 1.6
[    1.607047] PPP generic driver version 2.4.2
[    1.609813] ehci_hcd: USB 2.0 'Enhanced' Host Controller (EHCI) Driver
[    1.629544] ehci-pci: EHCI PCI platform driver
[    1.630394] ehci-platform: EHCI generic platform driver
[    1.631167] ohci_hcd: USB 1.1 'Open' Host Controller (OHCI) Driver
[    1.633627] ohci-pci: OHCI PCI platform driver
[    1.634351] ohci-platform: OHCI generic platform driver
[    1.635086] uhci_hcd: USB Universal Host Controller Interface driver
[    1.635957] i8042: PNP: PS/2 Controller [PNP0303:PS2K,PNP0f03:PS2M] at 0x60,0x64 irq 1,12
[    1.637633] serio: i8042 KBD port at 0x60,0x64 irq 1
[    1.638574] serio: i8042 AUX port at 0x60,0x64 irq 12
[    1.639433] mousedev: PS/2 mouse device common for all mice
[    1.640616] input: AT Translated Set 2 keyboard as /devices/platform/i8042/serio0/input/input2
[    1.642221] rtc_cmos rtc_cmos: rtc core: registered rtc_cmos as rtc0
[    1.643147] rtc_cmos rtc_cmos: alarms up to one day, 114 bytes nvram
[    1.644025] i2c /dev entries driver
[    1.644562] pcie_mp2_amd: AMD(R) PCI-E MP2 Communication Driver Version: 1.0
[    1.658229] device-mapper: uevent: version 1.0.3
[    1.658960] device-mapper: ioctl: 4.37.0-ioctl (2017-09-20) initialised: dm-devel@redhat.com
[    1.660210] ledtrig-cpu: registered to indicate activity on CPUs
[    1.661475] NET: Registered protocol family 10
[    1.667087] Segment Routing with IPv6
[    1.697823] NET: Registered protocol family 17
[    1.698530] Key type dns_resolver registered
[    1.699293] RAS: Correctable Errors collector initialized.
[    1.699975] sched_clock: Marking stable (1699218805, 0)->(3191692527, -1492473722)
[    1.701192] registered taskstats version 1
[    1.701723] Loading compiled-in X.509 certificates
[    1.705063] Loaded X.509 cert 'Build time autogenerated kernel key: 7211859d1298c08a101905a3cb814e8c7b4bf4a4'
[    2.308128] tsc: Refined TSC clocksource calibration: 1992.104 MHz
[    2.308940] clocksource: tsc: mask: 0xffffffffffffffff max_cycles: 0x396e160f4b8, max_idle_ns: 881590484783 ns
[    2.310288] zswap: loaded using pool lzo/zbud
[    2.315594] Key type big_key registered
[    2.427788] Key type trusted registered
[    2.429872] Key type encrypted registered
[    2.430419] AppArmor: AppArmor sha1 policy hashing enabled
[    2.431099] ima: No TPM chip found, activating TPM-bypass! (rc=-19)
[    2.431886] ima: Allocated hash algorithm: sha1
[    2.432522] evm: HMAC attrs: 0x1
[    2.433117]   Magic number: 15:917:866
[    2.433722] rtc_cmos rtc_cmos: setting system clock to 2019-04-17 03:52:34 UTC (1555473154)
[    2.434885] BIOS EDD facility v0.16 2004-Jun-25, 0 devices found
[    2.435607] EDD information not available.
[    2.438456] Freeing unused kernel memory: 2408K
[    2.680144] Write protecting the kernel read-only data: 20480k
[    2.698817] Freeing unused kernel memory: 2008K
[    2.702938] Freeing unused kernel memory: 1892K
[    2.709935] x86/mm: Checked W+X mappings: passed, no W+X pages found.
[    2.717798] x86/mm: Checking user space page tables
[    2.723743] x86/mm: Checked W+X mappings: passed, no W+X pages found.
Loading, please wait...
starting version 237
[    2.953272] Fusion MPT base driver 3.04.20
[    2.957100] e1000: Intel(R) PRO/1000 Network Driver - version 7.3.21-k8-NAPI
[    2.957101] e1000: Copyright (c) 1999-2006 Intel Corporation.
[    2.961677] Copyright (c) 1999-2008 LSI Corporation
[    2.969880] AVX2 version of gcm_enc/dec engaged.
[    2.973783] AES CTR mode by8 optimization enabled
[    2.982679] Fusion MPT SPI Host driver 3.04.20
[    3.163265] input: ImExPS/2 Generic Explorer Mouse as /devices/platform/i8042/serio1/input/input4
[    3.342611] e1000 0000:00:03.0 eth0: (PCI:33MHz:32-bit) 02:b8:5a:71:cd:59
[    3.382494] e1000 0000:00:03.0 eth0: Intel(R) PRO/1000 Network Connection
[    3.384510] mptbase: ioc0: Initiating bringup
[    3.384676] e1000 0000:00:03.0 enp0s3: renamed from eth0
[    3.480856] ioc0: LSI53C1030 A0: Capabilities={Initiator}
[    3.770849] scsi host2: ioc0: LSI53C1030 A0, FwRev=00000000h, Ports=1, MaxQ=256, IRQ=20
[    3.941519] scsi 2:0:0:0: Direct-Access     VBOX     HARDDISK         1.0  PQ: 0 ANSI: 5
[    4.050930] scsi target2:0:0: Beginning Domain Validation
[    4.063762] scsi target2:0:0: Domain Validation skipping write tests
[    4.067722] scsi target2:0:0: Ending Domain Validation
[    4.070817] scsi target2:0:0: asynchronous
[    4.074736] scsi 2:0:1:0: Direct-Access     VBOX     HARDDISK         1.0  PQ: 0 ANSI: 5
[    4.787487] scsi target2:0:1: Beginning Domain Validation
[    4.898510] random: fast init done
[    4.899279] scsi target2:0:1: Domain Validation skipping write tests
[    4.900428] scsi target2:0:1: Ending Domain Validation
[    4.901430] scsi target2:0:1: asynchronous
[    4.905338] random: systemd-udevd: uninitialized urandom read (16 bytes read)
[    4.978436] sd 2:0:0:0: Attached scsi generic sg0 type 0
[    4.979453] sd 2:0:1:0: Attached scsi generic sg1 type 0
[    4.980334] sd 2:0:0:0: [sda] 20971520 512-byte logical blocks: (10.7 GB/10.0 GiB)
[    4.981372] random: systemd-udevd: uninitialized urandom read (16 bytes read)
[    4.982296] sd 2:0:0:0: [sda] Write Protect is off
[    4.982961] random: systemd-udevd: uninitialized urandom read (16 bytes read)
[    4.983842] sd 2:0:1:0: [sdb] 20480 512-byte logical blocks: (10.5 MB/10.0 MiB)
[    4.984241] sd 2:0:0:0: [sda] Incomplete mode parameter data
[    4.984242] sd 2:0:0:0: [sda] Assuming drive cache: write through
[    4.985420]  sda: sda1
[    4.985793] sd 2:0:0:0: [sda] Attached SCSI disk
[    4.987343] sd 2:0:1:0: [sdb] Write Protect is off
[    4.989220] sd 2:0:1:0: [sdb] Incomplete mode parameter data
[    4.990027] sd 2:0:1:0: [sdb] Assuming drive cache: write through
[    4.993382] sd 2:0:1:0: [sdb] Attached SCSI disk
Begin: Loading essential drivers ... [    6.420085] raid6: sse2x1   gen() 10479 MB/s
[    6.472113] raid6: sse2x1   xor()  8465 MB/s
[    6.520071] raid6: sse2x2   gen() 13624 MB/s
[    6.588063] raid6: sse2x2   xor()  9650 MB/s
[    6.636087] raid6: sse2x4   gen() 16619 MB/s
[    6.684106] raid6: sse2x4   xor() 10251 MB/s
[    6.732115] raid6: avx2x1   gen() 23486 MB/s
[    6.784095] raid6: avx2x1   xor() 16193 MB/s
[    6.832053] raid6: avx2x2   gen() 28190 MB/s
[    6.880089] raid6: avx2x2   xor() 18170 MB/s
[    6.928102] raid6: avx2x4   gen() 31474 MB/s
[    6.982602] raid6: avx2x4   xor() 19260 MB/s
[    6.983284] raid6: using algorithm avx2x4 gen() 31474 MB/s
[    6.984147] raid6: .... xor() 19260 MB/s, rmw enabled
[    6.984905] raid6: using avx2x2 recovery algorithm
[    6.986758] xor: automatically using best checksumming function   avx       
[    6.991156] async_tx: api initialized (async)
done.
Begin: Running /scripts/init-premount ... done.
Begin: Mounting root file system ... Begin: Running /scripts/local-top ... done.
Begin: Running /scripts/local-premount ... [    7.039106] Btrfs loaded, crc32c=crc32c-intel
Scanning for Btrfs filesystems
done.
Warning: fsck not present, so skipping root file system
[    7.131896] EXT4-fs (sda1): INFO: recovery required on readonly filesystem
[    7.138163] EXT4-fs (sda1): write access will be enabled during recovery
[    7.357282] EXT4-fs (sda1): orphan cleanup on readonly fs
[    7.385158] EXT4-fs (sda1): 10 orphan inodes deleted
[    7.396951] EXT4-fs (sda1): recovery complete
[    7.403420] EXT4-fs (sda1): mounted filesystem with ordered data mode. Opts: (null)
done.
Begin: Running /scripts/local-bottom ... done.
Begin: Running /scripts/init-bottom ... done.
[    7.689714] ip_tables: (C) 2000-2006 Netfilter Core Team
[    7.774308] systemd[1]: systemd 237 running in system mode. (+PAM +AUDIT +SELINUX +IMA +APPARMOR +SMACK +SYSVINIT +UTMP +LIBCRYPTSETUP +GCRYPT +GNUTLS +ACL +XZ +LZ4 +SECCOMP +BLKID +ELFUTILS +KMOD -IDN2 +IDN -PCRE2 default-hierarchy=hybrid)
[    7.777749] systemd[1]: Detected virtualization oracle.
[    7.778515] systemd[1]: Detected architecture x86-64.

Welcome to [1mUbuntu 18.04.2 LTS[0m!

[    7.796271] systemd[1]: Set hostname to <ubuntu-bionic>.
[    8.100857] systemd[1]: Created slice System Slice.
[[0;32m  OK  [0m] Created slice System Slice.
[    8.184307] systemd[1]: Listening on /dev/initctl Compatibility Named Pipe.
[[0;32m  OK  [0m] Listening on /dev/initctl Compatibility Named Pipe.
[    8.228595] systemd[1]: Set up automount Arbitrary Executable File Formats File System Automount Point.
[[0;32m  OK  [0m] Set up automount Arbitrary Executab…rmats File System Automount Point.
[    8.231067] systemd[1]: Listening on Journal Socket (/dev/log).
[[0;32m  OK  [0m] Listening on Journal Socket (/dev/log).
[    8.233918] systemd[1]: Listening on Network Service Netlink Socket.
[[0;32m  OK  [0m] Listening on Network Service Netlink Socket.
[    8.235839] systemd[1]: Created slice system-serial\x2dgetty.slice.
[[0;32m  OK  [0m] Created slice system-serial\x2dgetty.slice.
[[0;32m  OK  [0m] Listening on Journal Socket.
         Starting Remount Root and Kernel File Systems...
         Starting Create list of required st…ce nodes for the current kernel...
[[0;32m  OK  [0m] Created slice User and Session Slice.
[[0;32m  OK  [0m] Reached target Swap.
[[0;32m  OK  [0m] Listening on udev Control Socket.
[[0;32m  OK  [0m] Reached target User and Group Name Lookups.
         Starting Load Kernel Modules...[    8.286699] EXT4-fs (sda1): re-mounted. Opts: (null)

         Mounting POSIX Message Queue File System...
         Starting Set the console keyboard layout...
[[0;32m  OK  [0m] Listening on Syslog Socket.
[    8.339687] Loading iSCSI transport class v2.0-870.
[[0;32m  OK  [0m] Listening on LVM2 poll daemon socket.
[[0;32m  OK  [0m] Reached target Slices.
[[0;32m  OK  [0m] Listening on Device-mapper event daemon FIFOs.
[[0;32m  OK  [0m] Listening on Journal Audit Socket.
[[0;32m  OK  [0m] Listening on LVM2 metadata daemon socket.
         Starting Monitoring of LVM2 mirrors…ng dmeventd or progress polling...
[[0;32m  OK  [0m] Started Forwa[    8.385027] iscsi: registered transport (tcp)
rd Password Requests to Wall Directory Watch.
         Starting Journal Service...
[[0;32m  OK  [0m] Listening on udev Kernel Socket.
[    8.466695] iscsi: registered transport (iser)
         Starting udev Coldplug all Devices...
         Starting Uncomplicated firewall...
         Mounting Kernel Debug File System...
[[0;32m  OK  [0m] Reached target System Time Synchronized.
         Mounting Huge Pages File System...
[[0;32m  OK  [0m] Started Journal Service.
[[0;32m  OK  [0m] Started Remount Root and Kernel File Systems.
[[0;32m  OK  [0m] Started Create list of required sta…vice nodes for the current kernel.
[[0;32m  OK  [0m] Started Load Kernel Modules.
[[0;32m  OK  [0m] Mounted POSIX Message Queue File System.
[[0;32m  OK  [0m] Started Uncomplicated firewall.
[[0;32m  OK  [0m] Mounted Kernel Debug File System.
[[0;32m  OK  [0m] Mounted Huge Pages File System.
[[0;32m  OK  [0m] Started LVM2 [    9.099192] random: crng init done
metadata daemon.
[    9.128682] random: 7 urandom warning(s) missed due to ratelimiting
         Starting Apply Kernel Variables...
         Mounting FUSE Control File System...
         Mounting Kernel Configuration File System...
         Starting Create Static Device Nodes in /dev...
         Starting Load/Save Random Seed...
         Starting Flush Journal to Persistent Storage...
[[0;32m  OK  [0m] Started Set the console keyboard layout.
[[0;32m  OK  [0m] Started Monitoring of LVM2 mirrors,…sing dmeventd or progress polling.
[[0;32m  OK  [0m] Started udev Coldplug all Devices.
[[0;32m  OK  [0m] Started Apply Kernel Variables.
[[0;32m  OK  [0m] Mounted FUSE Control File System.
[[0;32m  OK  [0m] Mounted Kernel Configuration File System.
[[0;32m  OK  [0m] Started Create Static Device Nodes in /dev.
[[0;32m  OK  [0m] Started Load/Save Random Seed.
         Starting udev Kernel Device Manager...
[[0;32m  OK  [0m] Reached target Local File Systems (Pre).
[[0;32m  OK  [0m] Reached target Local File Systems.
         Starting ebtables ruleset management...
         Starting Set console font and keymap...
         Starting AppArmor initialization...
         Starting Tell Plymouth To Write Out Runtime Data...
[[0;32m  OK  [0m] Started udev Kernel Device Manager.
[[0;32m  OK  [0m] Started Dispatch Password Requests to Console Directory Watch.
[[0;32m  OK  [0m] Reached target Local Encrypted Volumes.
[[0;32m  OK  [0m] Started Set console font and keymap.
[[0;32m  OK  [0m] Started Tell Plymouth To Write Out Runtime Data.
[[0;32m  OK  [0m] Started ebtables ruleset management.
[[0;32m  OK  [0m] Started Flush Journal to Persistent Storage.
[[0;32m  OK  [0m] Found device /dev/ttyS0.
         Starting Create Volatile Files and Directories...
[[0;32m  OK  [0m] Started AppArmor initialization.
[[0;32m  OK  [0m] Listening on Load/Save RF Kill Switch Status /dev/rfkill Watch.
[[0;32m  OK  [0m] Started Create Volatile Files and Directories.
         Starting Update UTMP about System Boot/Shutdown...
         Starting Initial cloud-init job (pre-networking)...
[[0;32m  OK  [0m] Started Update UTMP about System Boot/Shutdown.
[   11.489606] cloud-init[571]: Cloud-init v. 18.5-45-g3554ffe8-0ubuntu1~18.04.1 running 'init-local' at Wed, 17 Apr 2019 03:52:43 +0000. Up 11.27 seconds.
[[0;32m  OK  [0m] Started Initial cloud-init job (pre-networking).
[[0;32m  OK  [0m] Reached target Network (Pre).
         Starting Network Service...
[[0;32m  OK  [0m] Started Network Service.
         Starting Wait for Network to be Configured...
         Starting Network Name Resolution...
[[0;32m  OK  [0m] Started Network Name Resolution.
[[0;32m  OK  [0m] Reached target Host and Network Name Lookups.
[[0;32m  OK  [0m] Reached target Network.
[[0;32m  OK  [0m] Started Wait for Network to be Configured.
         Starting Initial cloud-init job (metadata service crawler)...
[   13.875729] cloud-init[698]: Cloud-init v. 18.5-45-g3554ffe8-0ubuntu1~18.04.1 running 'init' at Wed, 17 Apr 2019 03:52:45 +0000. Up 13.71 seconds.
[   13.894503] cloud-init[698]: ci-info: ++++++++++++++++++++++++++++++++++++++Net device info++++++++++++++++++++++++++++++++++++++
[   13.926681] cloud-init[698]: ci-info: +--------+------+----------------------------+---------------+--------+-------------------+
[   13.928812] cloud-init[698]: ci-info: | Device |  Up  |          Address           |      Mask     | Scope  |     Hw-Address    |
[   13.933168] cloud-init[698]: ci-info: +--------+------+----------------------------+---------------+--------+-------------------+
[   13.934917] cloud-init[698]: ci-info: | enp0s3 | True |         10.0.2.15          | 255.255.255.0 | global | 02:b8:5a:71:cd:59 |
[   13.936658] cloud-init[698]: ci-info: | enp0s3 | True | fe80::b8:5aff:fe71:cd59/64 |       .       |  link  | 02:b8:5a:71:cd:59 |
[   13.938295] cloud-init[698]: ci-info: |   lo   | True |         127.0.0.1          |   255.0.0.0   |  host  |         .         |
[   13.940487] cloud-init[698]: ci-info: |   lo   | True |          ::1/128           |       .       |  host  |         .         |
[   13.955431] cloud-init[698]: ci-info: +--------+------+----------------------------+---------------+--------+-------------------+
[   13.958396] cloud-init[698]: ci-info: ++++++++++++++++++++++++++++Route IPv4 info+++++++++++++++++++++++++++++
[   13.959956] cloud-init[698]: ci-info: +-------+-------------+----------+-----------------+-----------+-------+
[   13.991412] cloud-init[698]: ci-info: | Route | Destination | Gateway  |     Genmask     | Interface | Flags |
[   14.028562] cloud-init[698]: ci-info: +-------+-------------+----------+-----------------+-----------+-------+
[   14.030258] cloud-init[698]: ci-info: |   0   |   0.0.0.0   | 10.0.2.2 |     0.0.0.0     |   enp0s3  |   UG  |
[   14.031567] cloud-init[698]: ci-info: |   1   |   10.0.2.0  | 0.0.0.0  |  255.255.255.0  |   enp0s3  |   U   |
[   14.032875] cloud-init[698]: ci-info: |   2   |   10.0.2.2  | 0.0.0.0  | 255.255.255.255 |   enp0s3  |   UH  |
[   14.034113] cloud-init[698]: ci-info: +-------+-------------+----------+-----------------+-----------+-------+
[   14.035326] cloud-init[698]: ci-info: +++++++++++++++++++Route IPv6 info+++++++++++++++++++
[   14.036387] cloud-init[698]: ci-info: +-------+-------------+---------+-----------+-------+
[   14.037481] cloud-init[698]: ci-info: | Route | Destination | Gateway | Interface | Flags |
[   14.038474] cloud-init[698]: ci-info: +-------+-------------+---------+-----------+-------+
[   14.039435] cloud-init[698]: ci-info: |   1   |  fe80::/64  |    ::   |   enp0s3  |   U   |
[   14.040435] cloud-init[698]: ci-info: |   3   |    local    |    ::   |   enp0s3  |   U   |
[   14.041504] cloud-init[698]: ci-info: |   4   |   ff00::/8  |    ::   |   enp0s3  |   U   |
[   14.042671] cloud-init[698]: ci-info: +-------+-------------+---------+-----------+-------+
[[0;32m  OK  [0m] Started Initial cloud-init job (metadata service crawler).
[[0;32m  OK  [0m] Reached target System Initialization.
[[0;32m  OK  [0m] Listening on Open-iSCSI iscsid Socket.
[[0;32m  OK  [0m] Started Daily apt download activities.
[[0;32m  OK  [0m] Started Daily apt upgrade and clean activities.
[[0;32m  OK  [0m] Listening on UUID daemon activation socket.
[[0;32m  OK  [0m] Started Discard unused blocks once a week.
[[0;32m  OK  [0m] Started ACPI Events Check.
[[0;32m  OK  [0m] Listening on ACPID Listen Socket.
         Starting Socket activation for snappy daemon.
         Starting LXD - unix socket.
[[0;32m  OK  [0m] Started Daily Cleanup of Temporary Directories.
[[0;32m  OK  [0m] Reached target Paths.
[[0;32m  OK  [0m] Listening on D-Bus System Message Bus Socket.
[[0;32m  OK  [0m] Started Message of the Day.
[[0;32m  OK  [0m] Reached target Timers.
[[0;32m  OK  [0m] Reached target Network is Online.
         Starting Availability of block devices...
[[0;32m  OK  [0m] Reached target Remote File Systems (Pre).
[[0;32m  OK  [0m] Reached target Remote File Systems.
[[0;32m  OK  [0m] Reached target Cloud-config availability.
[[0;32m  OK  [0m] Listening on Socket activation for snappy daemon.
[[0;32m  OK  [0m] Listening on LXD - unix socket.
[[0;32m  OK  [0m] Started Availability of block devices.
[[0;32m  OK  [0m] Reached target Sockets.
[[0;32m  OK  [0m] Reached target Basic System.
         Starting Dispatcher daemon for systemd-networkd...
         Starting LSB: Record successful boot for GRUB...
         Starting OpenBSD Secure Shell server...
[[0;32m  OK  [0m] Started Deferred execution scheduler.
         Starting LSB: automatic crash report generation...
         Starting LXD - container startup/shutdown...
         Starting System Logging Service...
         Starting Accounts Service...
         Starting Login Service...
[[0;32m  OK  [0m] Started Regular background program processing daemon.
[[0;32m  OK  [0m] Started irqbalance daemon.
[[0;32m  OK  [0m] Started FUSE filesystem for LXC.
         Starting Snappy daemon...
         Starting Virtualbox guest utils...
[[0;32m  OK  [0m] Started D-Bus System Message Bus.
[[0;32m  OK  [0m] Started Login Service.
[[0;32m  OK  [0m] Started Unattended Upgrades Shutdown.
         Starting Permit User Sessions...
[[0;32m  OK  [0m] Started System Logging Service.
[[0;32m  OK  [0m] Started OpenBSD Secure Shell server.
[[0;32m  OK  [0m] Started Dispatcher daemon for systemd-networkd.
[[0;32m  OK  [0m] Started Snappy daemon.
[[0;32m  OK  [0m] Started Permit User Sessions.
[[0;32m  OK  [0m] Started LXD - container startup/shutdown.
[[0;32m  OK  [0m] Started LSB: Record successful boot for GRUB.
[[0;32m  OK  [0m] Started LSB: automatic crash report generation.
         Starting Authorization Manager...
         Starting Terminate Plymouth Boot Screen...
         Starting Hold until boot process finishes up...
         Starting Wait until snapd is fully seeded...
[[0;32m  OK  [0m] Started Virtualbox guest utils.
[[0;32m  OK  [0m] Started Authorization Manager.
[[0;32m  OK  [0m] Started Accounts Service.
[[0;32m  OK  [0m] Started Hold until boot process finishes up.
         Starting Set console scheme...
[[0;32m  OK  [0m] Started Serial Getty on ttyS0.
[[0;32m  OK  [0m] Started Terminate Plymouth Boot Screen.
[[0;32m  OK  [0m] Started Set console scheme.
[[0;32m  OK  [0m] Created slice system-getty.slice.
[[0;32m  OK  [0m] Started Getty on tty1.
[[0;32m  OK  [0m] Reached target Login Prompts.
[[0;32m  OK  [0m] Started Wait until snapd is fully seeded.
[[0;32m  OK  [0m] Reached target Multi-User System.
[[0;32m  OK  [0m] Reached target Graphical Interface.
         Starting Update UTMP about System Runlevel Changes...
         Starting Apply the settings specified in cloud-config...
[[0;32m  OK  [0m] Started Update UTMP about System Runlevel Changes.
[   15.738133] cloud-init[1133]: Cloud-init v. 18.5-45-g3554ffe8-0ubuntu1~18.04.1 running 'modules:config' at Wed, 17 Apr 2019 03:52:47 +0000. Up 15.62 seconds.
[[0;32m  OK  [0m] Started Apply the settings specified in cloud-config.
         Starting Execute cloud user/final scripts...
[   16.387892] cloud-init[1171]: Cloud-init v. 18.5-45-g3554ffe8-0ubuntu1~18.04.1 running 'modules:final' at Wed, 17 Apr 2019 03:52:48 +0000. Up 16.25 seconds.
[   16.390317] cloud-init[1171]: Cloud-init v. 18.5-45-g3554ffe8-0ubuntu1~18.04.1 finished at Wed, 17 Apr 2019 03:52:48 +0000. Datasource DataSourceNoCloud [seed=/dev/sdb][dsmode=net].  Up 16.37 seconds
[[0;32m  OK  [0m] Started Execute cloud user/final scripts.
[[0;32m  OK  [0m] Reached target Cloud-init target.

Ubuntu 18.04.2 LTS ubuntu-bionic ttyS0

ubuntu-bionic login: 